<?xml version="1.0" encoding="UTF-8"?>
<!-- Generated by org.testng.reporters.JUnitReportReporter -->
<testsuite hostname="FILT183" name="testNGTest.GroupTest" tests="5" failures="0" timestamp="20 Jan 2020 12:28:40 GMT" time="0.349" errors="0">
  <testcase name="tc3" time="0.012" classname="testNGTest.GroupTest"/>
  <testcase name="tc1" time="0.316" classname="testNGTest.GroupTest"/>
  <testcase name="tc2" time="0.006" classname="testNGTest.GroupTest"/>
  <testcase name="tc8" time="0.007" classname="testNGTest.GroupTest"/>
  <testcase name="tc7" time="0.008" classname="testNGTest.GroupTest"/>
</testsuite> <!-- testNGTest.GroupTest -->
