<?xml version="1.0" encoding="UTF-8"?>
<!-- Generated by org.testng.reporters.JUnitReportReporter -->
<testsuite hostname="FILT183" name="allureReportTest.TC_Class" tests="1" failures="0" timestamp="18 Dec 2019 07:46:14 GMT" time="42.225" errors="0">
  <testcase name="TC_1" time="42.225" classname="allureReportTest.TC_Class"/>
</testsuite> <!-- allureReportTest.TC_Class -->
