<?xml version="1.0" encoding="UTF-8"?>
<!-- Generated by org.testng.reporters.JUnitReportReporter -->
<testsuite hostname="FILT183" name="selnium_Practice.TestJenkins" tests="2" failures="0" timestamp="18 Dec 2019 07:46:14 GMT" time="70.506" errors="0">
  <testcase name="TC_1" time="70.499" classname="selnium_Practice.TestJenkins"/>
  <testcase name="TC_2" time="0.007" classname="selnium_Practice.TestJenkins"/>
</testsuite> <!-- selnium_Practice.TestJenkins -->
