<?xml version="1.0" encoding="UTF-8"?>
<!-- Generated by org.testng.reporters.JUnitReportReporter -->
<testsuite skipped="0" hostname="FILT183" name="testNGTest.GroupTest" tests="3" failures="0" timestamp="20 Jan 2020 13:42:57 GMT" time="0.219" errors="0">
  <testcase name="tc2" time="0.004" classname="testNGTest.GroupTest"/>
  <testcase name="tc3" time="0.005" classname="testNGTest.GroupTest"/>
  <testcase name="tc1" time="0.210" classname="testNGTest.GroupTest"/>
</testsuite> <!-- testNGTest.GroupTest -->
