<?xml version="1.0" encoding="UTF-8"?>
<!-- Generated by org.testng.reporters.JUnitReportReporter -->
<testsuite hostname="FILT183" name="com.esigner.test.TC_1_AddCategory" tests="2" failures="0" timestamp="20 Jan 2020 07:07:08 GMT" time="25.009" errors="0">
  <testcase name="verifyLogin" time="1.758" classname="com.esigner.test.TC_1_AddCategory"/>
  <testcase name="verify_Add_Category" time="23.251" classname="com.esigner.test.TC_1_AddCategory"/>
</testsuite> <!-- com.esigner.test.TC_1_AddCategory -->
