<?xml version="1.0" encoding="UTF-8"?>
<!-- Generated by org.testng.reporters.JUnitReportReporter -->
<testsuite hostname="FILT183" name="com.esigner.test.TC_1" tests="4" failures="0" timestamp="17 Jan 2020 09:33:23 GMT" time="14.556" errors="0">
  <testcase name="verify_Sign_Doc" time="2.659" classname="com.esigner.test.TC_1"/>
  <testcase name="verify_Upload_Doc" time="4.552" classname="com.esigner.test.TC_1"/>
  <testcase name="verifyLogin" time="3.839" classname="com.esigner.test.TC_1"/>
  <testcase name="verify_Add_Category" time="3.506" classname="com.esigner.test.TC_1"/>
</testsuite> <!-- com.esigner.test.TC_1 -->
