<?xml version="1.0" encoding="UTF-8"?>
<!-- Generated by org.testng.reporters.JUnitReportReporter -->
<testsuite hostname="FILT183" name="com.esigner.test.test" tests="2" failures="0" timestamp="17 Jan 2020 11:47:08 GMT" time="3.020" errors="0">
  <testcase name="verifyLogin" time="1.669" classname="com.esigner.test.test"/>
  <testcase name="verifyTable" time="1.351" classname="com.esigner.test.test"/>
</testsuite> <!-- com.esigner.test.test -->
