<?xml version="1.0" encoding="UTF-8"?>
<!-- Generated by org.testng.reporters.JUnitReportReporter -->
<testsuite hostname="FILT183" name="com.esigner.test.TCsuite" tests="7" failures="0" timestamp="20 Jan 2020 10:42:16 GMT" time="28.875" errors="0">
  <testcase name="verifyLogin" time="1.193" classname="com.esigner.test.TCsuite"/>
  <testcase name="verify_Upload_Doc" time="2.803" classname="com.esigner.test.TCsuite"/>
  <testcase name="verify_Add_User" time="4.026" classname="com.esigner.test.TCsuite"/>
  <testcase name="verify_Sign_Doc" time="1.797" classname="com.esigner.test.TCsuite"/>
  <testcase name="verify_Downalod" time="0.668" classname="com.esigner.test.TCsuite"/>
  <testcase name="verify_Add_Category" time="2.254" classname="com.esigner.test.TCsuite"/>
  <testcase name="verify_InvalidFile_Upload" time="16.134" classname="com.esigner.test.TCsuite"/>
</testsuite> <!-- com.esigner.test.TCsuite -->
