<?xml version="1.0" encoding="UTF-8"?>
<!-- Generated by org.testng.reporters.JUnitReportReporter -->
<testsuite hostname="FILT183" name="com.indocs.tests.LoginTest" tests="1" failures="0" timestamp="15 Nov 2019 08:43:48 GMT" time="6.899" errors="0">
  <testcase name="CreateTrade" time="6.899" classname="com.indocs.tests.LoginTest"/>
</testsuite> <!-- com.indocs.tests.LoginTest -->
