<?xml version="1.0" encoding="UTF-8"?>
<!-- Generated by org.testng.reporters.JUnitReportReporter -->
<testsuite hostname="FILT183" name="com.ipts.test.TC_1" tests="1" failures="0" timestamp="22 Jan 2020 10:03:22 GMT" time="9.931" errors="0">
  <testcase name="VerifyPayableImport" time="9.931" classname="com.ipts.test.TC_1"/>
</testsuite> <!-- com.ipts.test.TC_1 -->
