<?xml version="1.0" encoding="UTF-8"?>
<!-- Generated by org.testng.reporters.JUnitReportReporter -->
<testsuite hostname="FILT183" name="com.ipts.test.TC_2" tests="1" failures="0" timestamp="24 Jan 2020 11:56:59 GMT" time="16.084" errors="0">
  <testcase name="Verify_PayBat_Checker" time="16.084" classname="com.ipts.test.TC_2"/>
</testsuite> <!-- com.ipts.test.TC_2 -->
