<?xml version="1.0" encoding="UTF-8"?>
<!-- Generated by org.testng.reporters.JUnitReportReporter -->
<testsuite hostname="FILT183" name="com.ipts.test.TC_2_IPTS_Cycle" tests="7" failures="0" timestamp="30 Jan 2020 12:31:33 GMT" time="51.075" errors="0">
  <testcase name="Verify_Generate_Pay_Batch" time="6.173" classname="com.ipts.test.TC_2_IPTS_Cycle"/>
  <testcase name="Verify_Data_Entry" time="14.405" classname="com.ipts.test.TC_2_IPTS_Cycle"/>
  <testcase name="Verify_Update_OFAC_Expotr_Query" time="1.199" classname="com.ipts.test.TC_2_IPTS_Cycle"/>
  <testcase name="Verify_Query_Report" time="5.072" classname="com.ipts.test.TC_2_IPTS_Cycle"/>
  <testcase name="Verify_PayBat_Checker" time="4.122" classname="com.ipts.test.TC_2_IPTS_Cycle"/>
  <testcase name="Verify_PayBat_Reg" time="6.009" classname="com.ipts.test.TC_2_IPTS_Cycle"/>
  <testcase name="Verify_Data_Verification" time="14.095" classname="com.ipts.test.TC_2_IPTS_Cycle"/>
</testsuite> <!-- com.ipts.test.TC_2_IPTS_Cycle -->
