<?xml version="1.0" encoding="UTF-8"?>
<!-- Generated by org.testng.reporters.JUnitReportReporter -->
<testsuite hostname="FILT183" name="com.ipts.test.TC_3_IPTS_Cycle_Multiple" tests="6" failures="0" timestamp="29 Jan 2020 05:42:47 GMT" time="87.523" errors="0">
  <testcase name="Verify_Query_Report" time="15.348" classname="com.ipts.test.TC_3_IPTS_Cycle_Multiple"/>
  <testcase name="Verify_PayBat_Reg" time="16.645" classname="com.ipts.test.TC_3_IPTS_Cycle_Multiple"/>
  <testcase name="Verify_PayBat_Checker" time="11.691" classname="com.ipts.test.TC_3_IPTS_Cycle_Multiple"/>
  <testcase name="Verify_Query_Report" time="14.163" classname="com.ipts.test.TC_3_IPTS_Cycle_Multiple"/>
  <testcase name="Verify_PayBat_Reg" time="16.523" classname="com.ipts.test.TC_3_IPTS_Cycle_Multiple"/>
  <testcase name="Verify_PayBat_Checker" time="13.153" classname="com.ipts.test.TC_3_IPTS_Cycle_Multiple"/>
</testsuite> <!-- com.ipts.test.TC_3_IPTS_Cycle_Multiple -->
