<?xml version="1.0" encoding="UTF-8"?>
<!-- Generated by org.testng.reporters.JUnitReportReporter -->
<testsuite hostname="FILT183" name="com.indocs_CIDS.tests.O2_Trade_PaymentCheckerTest" tests="1" failures="0" timestamp="2 Dec 2019 12:12:07 GMT" time="12.664" errors="0">
  <testcase name="approvePayment" time="12.664" classname="com.indocs_CIDS.tests.O2_Trade_PaymentCheckerTest"/>
</testsuite> <!-- com.indocs_CIDS.tests.O2_Trade_PaymentCheckerTest -->
