<?xml version="1.0" encoding="UTF-8"?>
<!-- Generated by org.testng.reporters.JUnitReportReporter -->
<testsuite hostname="FILT183" name="com.indocs_CIDS.tests.testting" tests="8" failures="0" timestamp="4 Dec 2019 11:46:57 GMT" time="0.439" errors="0">
  <testcase name="tc1" time="0.390" classname="com.indocs_CIDS.tests.testting"/>
  <testcase name="tc2" time="0.004" classname="com.indocs_CIDS.tests.testting"/>
  <testcase name="tc3" time="0.007" classname="com.indocs_CIDS.tests.testting"/>
  <testcase name="tc4" time="0.004" classname="com.indocs_CIDS.tests.testting"/>
  <testcase name="tc5" time="0.013" classname="com.indocs_CIDS.tests.testting"/>
  <testcase name="tc7" time="0.007" classname="com.indocs_CIDS.tests.testting"/>
  <testcase name="tc8" time="0.006" classname="com.indocs_CIDS.tests.testting"/>
  <testcase name="tc6" time="0.008" classname="com.indocs_CIDS.tests.testting"/>
</testsuite> <!-- com.indocs_CIDS.tests.testting -->
