<?xml version="1.0" encoding="UTF-8"?>
<!-- Generated by org.testng.reporters.JUnitReportReporter -->
<testsuite hostname="FILT183" name="com.indocs_CIDS.tests.O1_Trade_PaymentMakerTest" tests="1" failures="0" timestamp="2 Dec 2019 12:12:07 GMT" time="43.752" errors="0">
  <testcase name="createPayment" time="43.752" classname="com.indocs_CIDS.tests.O1_Trade_PaymentMakerTest"/>
</testsuite> <!-- com.indocs_CIDS.tests.O1_Trade_PaymentMakerTest -->
