<?xml version="1.0" encoding="UTF-8"?>
<!-- Generated by org.testng.reporters.JUnitReportReporter -->
<testsuite hostname="FILT183" name="com.indocs_CIDS.tests.TC_1" tests="7" failures="0" timestamp="4 Dec 2019 11:51:58 GMT" time="183.310" errors="0">
  <testcase name="verifyCreatePayment" time="54.678" classname="com.indocs_CIDS.tests.TC_1"/>
  <testcase name="verifyOpsReviewMakerTest" time="14.450" classname="com.indocs_CIDS.tests.TC_1"/>
  <testcase name="verifyMakerPaymentFunding" time="32.613" classname="com.indocs_CIDS.tests.TC_1"/>
  <testcase name="verifyOpsReviewMaker2Test" time="12.099" classname="com.indocs_CIDS.tests.TC_1"/>
  <testcase name="verifyOpsReviewChecker" time="11.110" classname="com.indocs_CIDS.tests.TC_1"/>
  <testcase name="verifyCheckerPaymentFunding" time="28.801" classname="com.indocs_CIDS.tests.TC_1"/>
  <testcase name="verifyApprovePayment" time="29.559" classname="com.indocs_CIDS.tests.TC_1"/>
</testsuite> <!-- com.indocs_CIDS.tests.TC_1 -->
