<?xml version="1.0" encoding="UTF-8"?>
<!-- Generated by org.testng.reporters.JUnitReportReporter -->
<testsuite hostname="FILT183" name="com.indocs.tests.Trade_ApprovePaymentTest" tests="1" failures="0" timestamp="19 Nov 2019 13:42:33 GMT" time="26.285" errors="0">
  <testcase name="approvePayment" time="26.285" classname="com.indocs.tests.Trade_ApprovePaymentTest"/>
</testsuite> <!-- com.indocs.tests.Trade_ApprovePaymentTest -->
