<?xml version="1.0" encoding="UTF-8"?>
<!-- Generated by org.testng.reporters.JUnitReportReporter -->
<testsuite hostname="FILT183" name="com.indocs_CIDS.tests.TC_1_TradeCycle" tests="13" failures="0" timestamp="30 Jan 2020 06:15:09 GMT" time="175.041" errors="0">
  <testcase name="verifyOpsReviewMaker2Test" time="12.074" classname="com.indocs_CIDS.tests.TC_1_TradeCycle"/>
  <testcase name="creat_Trade_GPS" time="0.956" classname="com.indocs_CIDS.tests.TC_1_TradeCycle"/>
  <testcase name="Verify_SDS_Maker" time="8.592" classname="com.indocs_CIDS.tests.TC_1_TradeCycle"/>
  <testcase name="verifyOpsReviewChecker" time="12.018" classname="com.indocs_CIDS.tests.TC_1_TradeCycle"/>
  <testcase name="verifyCheckerPaymentFunding" time="8.446" classname="com.indocs_CIDS.tests.TC_1_TradeCycle"/>
  <testcase name="Verify_SDS_Checker" time="9.478" classname="com.indocs_CIDS.tests.TC_1_TradeCycle"/>
  <testcase name="Verify_Payment_Reg_Checker" time="9.401" classname="com.indocs_CIDS.tests.TC_1_TradeCycle"/>
  <testcase name="verifyMakerPaymentFunding" time="11.785" classname="com.indocs_CIDS.tests.TC_1_TradeCycle"/>
  <testcase name="verifyCreatePayment" time="60.029" classname="com.indocs_CIDS.tests.TC_1_TradeCycle"/>
  <testcase name="verifyApprovePayment" time="8.093" classname="com.indocs_CIDS.tests.TC_1_TradeCycle"/>
  <testcase name="Verify_Aries_Cancelation" time="8.222" classname="com.indocs_CIDS.tests.TC_1_TradeCycle"/>
  <testcase name="Verify_Payment_Reg_Maker" time="13.129" classname="com.indocs_CIDS.tests.TC_1_TradeCycle"/>
  <testcase name="verifyOpsReviewMakerTest" time="12.818" classname="com.indocs_CIDS.tests.TC_1_TradeCycle"/>
</testsuite> <!-- com.indocs_CIDS.tests.TC_1_TradeCycle -->
