<?xml version="1.0" encoding="UTF-8"?>
<!-- Generated by org.testng.reporters.JUnitReportReporter -->
<testsuite hostname="FILT183" name="com.indocs.tests.test" tests="1" failures="0" timestamp="20 Nov 2019 08:50:28 GMT" time="0.354" errors="0">
  <testcase name="test" time="0.354" classname="com.indocs.tests.test"/>
</testsuite> <!-- com.indocs.tests.test -->
