<?xml version="1.0" encoding="UTF-8"?>
<!-- Generated by org.testng.reporters.JUnitReportReporter -->
<testsuite hostname="FILT183" name="com.indocs_CIDS.tests.O4_OpsReviewMaker2Test" tests="1" failures="0" timestamp="3 Dec 2019 07:13:51 GMT" time="12.865" errors="0">
  <testcase name="opsReviewMaker2Test" time="12.865" classname="com.indocs_CIDS.tests.O4_OpsReviewMaker2Test"/>
</testsuite> <!-- com.indocs_CIDS.tests.O4_OpsReviewMaker2Test -->
