<?xml version="1.0" encoding="UTF-8"?>
<!-- Generated by org.testng.reporters.JUnitReportReporter -->
<testsuite hostname="FILT183" name="com.indocs_CIDS.tests.Trade_ApprovePaymentTest" tests="1" failures="0" timestamp="29 Nov 2019 09:25:38 GMT" time="0.000" errors="1">
  <testcase name="approvePayment" time="0.000" classname="com.indocs_CIDS.tests.Trade_ApprovePaymentTest">
    <error type="java.lang.Throwable" message="Method Trade_ApprovePaymentTest.approvePayment()[pri:0, instance:com.indocs_CIDS.tests.Trade_ApprovePaymentTest@25359ed8] depends on not successfully finished methods in group &quot;Trade_Initiate_paymentGroup&quot;">
      <![CDATA[java.lang.Throwable: Method Trade_ApprovePaymentTest.approvePayment()[pri:0, instance:com.indocs_CIDS.tests.Trade_ApprovePaymentTest@25359ed8] depends on not successfully finished methods in group "Trade_Initiate_paymentGroup"
	at org.testng.internal.Invoker.invokeTestMethods(Invoker.java:1039)
	at org.testng.internal.TestMethodWorker.invokeTestMethods(TestMethodWorker.java:129)
	at org.testng.internal.TestMethodWorker.run(TestMethodWorker.java:112)
	at org.testng.TestRunner.privateRun(TestRunner.java:782)
	at org.testng.TestRunner.run(TestRunner.java:632)
	at org.testng.SuiteRunner.runTest(SuiteRunner.java:366)
	at org.testng.SuiteRunner.runSequentially(SuiteRunner.java:361)
	at org.testng.SuiteRunner.privateRun(SuiteRunner.java:319)
	at org.testng.SuiteRunner.run(SuiteRunner.java:268)
	at org.testng.SuiteRunnerWorker.runSuite(SuiteRunnerWorker.java:52)
	at org.testng.SuiteRunnerWorker.run(SuiteRunnerWorker.java:86)
	at org.testng.TestNG.runSuitesSequentially(TestNG.java:1244)
	at org.testng.TestNG.runSuitesLocally(TestNG.java:1169)
	at org.testng.TestNG.run(TestNG.java:1064)
	at org.testng.remote.RemoteTestNG.run(RemoteTestNG.java:113)
	at org.testng.remote.RemoteTestNG.initAndRun(RemoteTestNG.java:206)
	at org.testng.remote.RemoteTestNG.main(RemoteTestNG.java:177)
]]>
    </error>
  </testcase> <!-- approvePayment -->
</testsuite> <!-- com.indocs_CIDS.tests.Trade_ApprovePaymentTest -->
