<?xml version="1.0" encoding="UTF-8"?>
<!-- Generated by org.testng.reporters.JUnitReportReporter -->
<testsuite hostname="FILT183" name="com.indocs_CIDS.tests.O3_OpsReviewMakerTest" tests="1" failures="0" timestamp="2 Dec 2019 12:36:53 GMT" time="11.188" errors="0">
  <testcase name="opsReviewApproval" time="11.188" classname="com.indocs_CIDS.tests.O3_OpsReviewMakerTest"/>
</testsuite> <!-- com.indocs_CIDS.tests.O3_OpsReviewMakerTest -->
