<?xml version="1.0" encoding="UTF-8"?>
<!-- Generated by org.testng.reporters.JUnitReportReporter -->
<testsuite hostname="FILT183" name="com.indocs_CIDS.tests.test" tests="1" failures="0" timestamp="20 Nov 2019 09:54:37 GMT" time="0.100" errors="0">
  <testcase name="test" time="0.100" classname="com.indocs_CIDS.tests.test"/>
</testsuite> <!-- com.indocs_CIDS.tests.test -->
