<?xml version="1.0" encoding="UTF-8"?>
<!-- Generated by org.testng.reporters.JUnitReportReporter -->
<testsuite hostname="FILT183" name="com.indocs_CIDS.tests.TC_2_TreasuryCycle" tests="9" failures="0" timestamp="30 Jan 2020 06:05:35 GMT" time="92.223" errors="0">
  <testcase name="verifyMakerPaymentFundingTRSRY" time="6.286" classname="com.indocs_CIDS.tests.TC_2_TreasuryCycle"/>
  <testcase name="creat_TRSRY_GPS" time="1.157" classname="com.indocs_CIDS.tests.TC_2_TreasuryCycle"/>
  <testcase name="verifyCreatePaymentTRSRY" time="43.263" classname="com.indocs_CIDS.tests.TC_2_TreasuryCycle"/>
  <testcase name="verify_TRSRY_PaymentFundingChkr" time="3.503" classname="com.indocs_CIDS.tests.TC_2_TreasuryCycle"/>
  <testcase name="verifyOpsReviewMakerTRSRY" time="6.013" classname="com.indocs_CIDS.tests.TC_2_TreasuryCycle"/>
  <testcase name="Verify_TRSRY_Payment_Reg_Maker" time="18.315" classname="com.indocs_CIDS.tests.TC_2_TreasuryCycle"/>
  <testcase name="Verify_TRSRY_Payment_Reg_Checker" time="3.806" classname="com.indocs_CIDS.tests.TC_2_TreasuryCycle"/>
  <testcase name="verifyApprovePaymentTRSRY" time="3.566" classname="com.indocs_CIDS.tests.TC_2_TreasuryCycle"/>
  <testcase name="verifyOpsReviewCheckerTRSRY" time="6.314" classname="com.indocs_CIDS.tests.TC_2_TreasuryCycle"/>
</testsuite> <!-- com.indocs_CIDS.tests.TC_2_TreasuryCycle -->
